TN:
SF:/Users/valeriifazli/Documents/x/msd-test/index.ts
FN:8,(anonymous_1)
FN:32,(anonymous_2)
FNF:2
FNH:2
FNDA:6,(anonymous_1)
FNDA:1,(anonymous_2)
DA:1,1
DA:2,1
DA:4,1
DA:6,1
DA:8,1
DA:10,6
DA:16,6
DA:22,6
DA:25,1
DA:26,1
DA:28,1
DA:30,1
DA:32,1
DA:33,1
DA:34,1
DA:37,1
LF:16
LH:16
BRF:0
BRH:0
end_of_record
TN:
SF:/Users/valeriifazli/Documents/x/msd-test/controllers/index.ts
FN:8,(anonymous_0)
FN:13,(anonymous_1)
FN:17,(anonymous_2)
FNF:3
FNH:3
FNDA:2,(anonymous_0)
FNDA:2,(anonymous_1)
FNDA:4,(anonymous_2)
DA:4,1
DA:6,1
DA:8,2
DA:13,1
DA:14,2
DA:17,1
DA:18,4
DA:19,4
DA:20,2
DA:21,2
DA:22,2
DA:24,2
DA:25,1
DA:27,2
DA:28,1
LF:15
LH:15
BRDA:19,0,0,2
BRDA:19,0,1,2
BRDA:19,1,0,4
BRDA:19,1,1,4
BRDA:19,1,2,3
BRDA:24,2,0,1
BRDA:24,2,1,1
BRDA:27,3,0,1
BRDA:27,3,1,1
BRF:9
BRH:9
end_of_record
